2025-10-01 09:23:04,260 - DEBUG - Starting new HTTPS connection (1): dagshub.com:443
2025-10-01 09:23:05,104 - DEBUG - https://config.mlflow-telemetry.io:443 "GET /3.4.0.json HTTP/1.1" 200 215
2025-10-01 09:23:05,217 - DEBUG - Starting new HTTPS connection (1): api.mlflow-telemetry.io:443
2025-10-01 09:23:05,545 - DEBUG - https://dagshub.com:443 "GET /NauraaSalsabila/DSP_ATTRITION.mlflow/api/2.0/mlflow/experiments/get-by-name?experiment_name=attrition_prediction HTTP/1.1" 401 None
2025-10-01 09:57:30,509 - DEBUG - Starting new HTTPS connection (1): dagshub.com:443
2025-10-01 09:57:31,997 - DEBUG - https://config.mlflow-telemetry.io:443 "GET /3.4.0.json HTTP/1.1" 200 215
2025-10-01 09:57:32,118 - DEBUG - Starting new HTTPS connection (1): api.mlflow-telemetry.io:443
2025-10-01 09:57:32,417 - DEBUG - https://dagshub.com:443 "GET /NauraaSalsabila/DSP_ATTRITION.mlflow/api/2.0/mlflow/experiments/get-by-name?experiment_name=attrition_prediction HTTP/1.1" 401 None
2025-10-01 10:19:20,193 - DEBUG - Starting new HTTPS connection (1): dagshub.com:443
2025-10-01 10:19:20,443 - DEBUG - https://config.mlflow-telemetry.io:443 "GET /3.4.0.json HTTP/1.1" 200 215
2025-10-01 10:19:20,558 - DEBUG - Starting new HTTPS connection (1): api.mlflow-telemetry.io:443
2025-10-01 10:19:20,936 - DEBUG - https://dagshub.com:443 "GET /NauraaSalsabila/DSP_ATTRITION.mlflow/api/2.0/mlflow/experiments/get-by-name?experiment_name=attrition_prediction HTTP/1.1" 401 None
2025-10-01 10:20:17,562 - DEBUG - Starting new HTTPS connection (1): dagshub.com:443
2025-10-01 10:20:18,121 - DEBUG - https://config.mlflow-telemetry.io:443 "GET /3.4.0.json HTTP/1.1" 200 215
2025-10-01 10:20:18,231 - DEBUG - Starting new HTTPS connection (1): api.mlflow-telemetry.io:443
2025-10-01 10:20:18,839 - DEBUG - https://dagshub.com:443 "GET /NauraaSalsabila/DSP_ATTRITION.mlflow/api/2.0/mlflow/experiments/get-by-name?experiment_name=attrition_prediction HTTP/1.1" 401 None
2025-10-01 10:25:28,060 - DEBUG - Starting new HTTPS connection (1): dagshub.com:443
2025-10-01 10:25:28,530 - DEBUG - https://config.mlflow-telemetry.io:443 "GET /3.4.0.json HTTP/1.1" 200 215
2025-10-01 10:25:28,645 - DEBUG - Starting new HTTPS connection (1): api.mlflow-telemetry.io:443
2025-10-01 10:25:28,868 - DEBUG - https://dagshub.com:443 "GET /NauraaSalsabila/DSP_ATTRITION.mlflow/api/2.0/mlflow/experiments/get-by-name?experiment_name=attrition_prediction HTTP/1.1" 404 None
2025-10-01 10:25:29,508 - DEBUG - https://dagshub.com:443 "POST /NauraaSalsabila/DSP_ATTRITION.mlflow/api/2.0/mlflow/experiments/create HTTP/1.1" 200 None
2025-10-01 10:25:29,803 - DEBUG - https://api.mlflow-telemetry.io:443 "POST /log HTTP/1.1" 200 30
2025-10-01 10:25:30,146 - DEBUG - https://dagshub.com:443 "GET /NauraaSalsabila/DSP_ATTRITION.mlflow/api/2.0/mlflow/experiments/get?experiment_id=0 HTTP/1.1" 200 None
2025-10-01 10:34:15,825 - DEBUG - Starting new HTTPS connection (1): dagshub.com:443
2025-10-01 10:34:16,779 - DEBUG - https://config.mlflow-telemetry.io:443 "GET /3.4.0.json HTTP/1.1" 200 215
2025-10-01 10:34:16,897 - DEBUG - Starting new HTTPS connection (1): api.mlflow-telemetry.io:443
2025-10-01 10:34:17,599 - DEBUG - https://dagshub.com:443 "GET /NauraaSalsabila/DSP.mlflow/api/2.0/mlflow/experiments/get-by-name?experiment_name=attrition_prediction HTTP/1.1" 404 None
2025-10-01 10:34:18,007 - DEBUG - https://dagshub.com:443 "POST /NauraaSalsabila/DSP.mlflow/api/2.0/mlflow/experiments/create HTTP/1.1" 200 None
2025-10-01 10:34:18,347 - DEBUG - https://api.mlflow-telemetry.io:443 "POST /log HTTP/1.1" 200 30
2025-10-01 10:34:18,547 - DEBUG - https://dagshub.com:443 "GET /NauraaSalsabila/DSP.mlflow/api/2.0/mlflow/experiments/get?experiment_id=0 HTTP/1.1" 200 None
2025-10-08 08:19:02,255 - DEBUG - Starting new HTTPS connection (1): dagshub.com:443
2025-10-08 08:19:02,658 - DEBUG - https://config.mlflow-telemetry.io:443 "GET /3.4.0.json HTTP/1.1" 200 215
2025-10-08 08:19:02,775 - DEBUG - Starting new HTTPS connection (1): api.mlflow-telemetry.io:443
2025-10-08 08:19:03,220 - DEBUG - https://dagshub.com:443 "GET /NauraaSalsabila/DSP_ATTRITION.mlflow/api/2.0/mlflow/experiments/get-by-name?experiment_name=attrition_prediction HTTP/1.1" 200 177
2025-10-08 08:19:04,468 - DEBUG - https://api.mlflow-telemetry.io:443 "POST /log HTTP/1.1" 200 30
2025-10-08 08:19:06,116 - DEBUG - Popen(['git', 'version'], cwd=D:\dsp-attrition-model, stdin=None, shell=False, universal_newlines=False)
2025-10-08 08:19:06,267 - DEBUG - Popen(['git', 'version'], cwd=D:\dsp-attrition-model, stdin=None, shell=False, universal_newlines=False)
2025-10-08 08:19:06,395 - DEBUG - sys.platform='win32', git_executable='git'
2025-10-08 08:19:06,898 - DEBUG - https://dagshub.com:443 "POST /NauraaSalsabila/DSP_ATTRITION.mlflow/api/2.0/mlflow/runs/create HTTP/1.1" 200 325
2025-10-08 08:19:07,146 - DEBUG - Starting new HTTPS connection (2): dagshub.com:443
2025-10-08 08:19:07,609 - DEBUG - https://dagshub.com:443 "POST /NauraaSalsabila/DSP_ATTRITION.mlflow/api/2.0/mlflow/runs/log-batch HTTP/1.1" 200 27
2025-10-08 08:19:08,287 - DEBUG - https://dagshub.com:443 "POST /NauraaSalsabila/DSP_ATTRITION.mlflow/api/2.0/mlflow/runs/log-inputs HTTP/1.1" 200 27
2025-10-08 08:19:08,608 - DEBUG - https://dagshub.com:443 "GET /NauraaSalsabila/DSP_ATTRITION.mlflow/api/2.0/mlflow/runs/get?run_uuid=e4e78a2a80884716a57aabf7e3eb8cd4&run_id=e4e78a2a80884716a57aabf7e3eb8cd4 HTTP/1.1" 200 1167
2025-10-08 08:19:09,009 - DEBUG - https://dagshub.com:443 "POST /NauraaSalsabila/DSP_ATTRITION.mlflow/api/2.0/mlflow/runs/update HTTP/1.1" 200 248
2025-10-08 08:38:29,813 - DEBUG - Starting new HTTPS connection (1): dagshub.com:443
2025-10-08 08:38:31,371 - DEBUG - https://config.mlflow-telemetry.io:443 "GET /3.4.0.json HTTP/1.1" 200 215
2025-10-08 08:38:31,486 - DEBUG - Starting new HTTPS connection (1): api.mlflow-telemetry.io:443
2025-10-08 08:38:31,771 - DEBUG - https://dagshub.com:443 "GET /NauraaSalsabila/DSP_ATTRITION.mlflow/api/2.0/mlflow/experiments/get-by-name?experiment_name=attrition_prediction HTTP/1.1" 200 175
2025-10-08 08:38:32,872 - DEBUG - https://api.mlflow-telemetry.io:443 "POST /log HTTP/1.1" 200 30
2025-10-08 08:38:32,888 - DEBUG - Popen(['git', 'version'], cwd=D:\dsp-attrition-model, stdin=None, shell=False, universal_newlines=False)
2025-10-08 08:38:32,994 - DEBUG - Popen(['git', 'version'], cwd=D:\dsp-attrition-model, stdin=None, shell=False, universal_newlines=False)
2025-10-08 08:38:33,073 - DEBUG - sys.platform='win32', git_executable='git'
2025-10-08 08:38:33,365 - DEBUG - https://dagshub.com:443 "POST /NauraaSalsabila/DSP_ATTRITION.mlflow/api/2.0/mlflow/runs/create HTTP/1.1" 200 332
2025-10-08 08:38:33,720 - DEBUG - Starting new HTTPS connection (2): dagshub.com:443
2025-10-08 08:38:34,037 - DEBUG - https://dagshub.com:443 "POST /NauraaSalsabila/DSP_ATTRITION.mlflow/api/2.0/mlflow/runs/log-batch HTTP/1.1" 200 27
2025-10-08 08:38:34,354 - DEBUG - https://dagshub.com:443 "POST /NauraaSalsabila/DSP_ATTRITION.mlflow/api/2.0/mlflow/runs/log-inputs HTTP/1.1" 200 27
2025-10-08 08:38:34,467 - DEBUG - https://dagshub.com:443 "GET /NauraaSalsabila/DSP_ATTRITION.mlflow/api/2.0/mlflow/runs/get?run_uuid=e17d3adde75e46929453c8459f63bb77&run_id=e17d3adde75e46929453c8459f63bb77 HTTP/1.1" 200 1638
2025-10-08 08:38:34,790 - DEBUG - https://dagshub.com:443 "POST /NauraaSalsabila/DSP_ATTRITION.mlflow/api/2.0/mlflow/runs/update HTTP/1.1" 200 247
2025-10-08 08:56:29,314 - DEBUG - https://config.mlflow-telemetry.io:443 "GET /3.4.0.json HTTP/1.1" 200 215
2025-10-08 08:56:29,397 - DEBUG - Starting new HTTPS connection (1): api.mlflow-telemetry.io:443
